Jan 05 23:45 : errno: Failed to open /home/bjchu5/.mpd/mpdstate: No such file or directory
Jan 05 23:45 : update: added /Pokemon Intros Opening - High Quality [RGB～ORAS] (40K Subs)-DWO2dOurl24.mp3
Jan 05 23:45 : update: added Twice/TWICE(트와이스) 'TT' M_V-ePpPVE-GGJw.mp3
Jan 05 23:45 : update: added Scandal/Scandal - Sisters-4cRp7hKJiY4.mp3
Jan 05 23:45 : update: added Scandal/Scandal - Take Me Out-mGyXFJXa-18.mp3
Jan 05 23:45 : update: added TVB/鐵馬戰車 - 劇集主題曲 MV：《同步》by 側田 [足本版] (TVB)-wUb8yZtzxsM.mp3
Jan 05 23:45 : update: added TVB/胡鴻鈞 Hubert - 命運的意外 (劇集 '純熟意外' 主題曲) Official Audio-BG8FClIzYK8.mp3
Jan 05 23:45 : update: added TVB/何雁詩---最真心一對MV EU超時任務主題曲(自製)-KT8puTO6yHM.mp3
Jan 05 23:45 : update: added Misc - English Songs/What A Feeling.mp3
Jan 05 23:45 : update: added Misc - English Songs/Lionel Richie - Hello (Official Music Video)-84RxK4N1wfE.mp3
Jan 05 23:45 : update: added Misc - English Songs/Mandy - barry manilow-aGfcD5qycQY.mp3
Jan 05 23:45 : update: added Misc - English Songs/She's a Maniac.mp3
Jan 05 23:45 : update: added Misc - English Songs/Alan Walker - Faded.mp3
Jan 05 23:45 : update: added Misc - English Songs/Steven Universe - 'Giant Woman' Song-XT13ijUfSts.mp3
Jan 05 23:45 : update: added Misc - English Songs/Justin Bieber - Love Yourself  (PURPOSE  - The Movement)-oyEuk8j8imI.mp3
Jan 05 23:45 : update: added Misc - English Songs/War - Edwin Starr (Original Vinyl)-dpWmlRNfLck.mp3
Jan 05 23:45 : update: added Misc - English Songs/Archies - sugar sugar-iQiwqiPeLGk.mp3
Jan 05 23:45 : update: added Misc - English Songs/MAGIC! - Rude.mp3
Jan 05 23:45 : update: added Misc - English Songs/Peter Cetera with Ronna Reeves - S.O.S.-hqH5LFduz24.mp3
Jan 05 23:45 : update: added Misc - English Songs/Stephanie Tarling - Pure Imagination (LYRICS)-xojCXUfzjSY.mp3
Jan 05 23:45 : update: added Star Wars OST/Star Wars - John Williams - Duel Of The Fates-qzVBqBosf5w.mp3
Jan 05 23:45 : update: added Misc - Asian Songs/Kimi wa Boku Niteiru.mp3
Jan 05 23:45 : update: added Misc - Asian Songs/One Punch Man OST - Main Theme-E8XaV1yjabk.mp3
Jan 05 23:45 : update: added Misc - Asian Songs/Dragon Ball Z Abridged MUSIC - Super Saiyan ('Giant Woman' Parody)-of5sshD9n7k.mp3
Jan 05 23:45 : update: added Misc - Asian Songs/DBZ Hikari no Will Power Subbed- Trunks's Theme.mp3
Jan 05 23:45 : update: added Misc - Asian Songs/BTOB(비투비) - 기도(I'll be your man) M_V-__BFUf_nJl0.mp3
Jan 05 23:45 : update: added Misc - Asian Songs/[Official Video] JAM Project - THE HERO !! -  'One Punch Man' Opening Theme ワンパンマン-QImBolnTVH8.mp3
Jan 05 23:45 : update: added Misc - Asian Songs/Sword Art Online - Coffee Soda Song-BK7Ecql_VuE.mp3
Jan 05 23:45 : update: added Misc - Asian Songs/5566 - 我難過 MV [HQ].mp3
Jan 05 23:45 : update: added Instrumental/Two Steps From Hell - Rebirth (Orion - Epic Beautiful Drama).mp3
Jan 05 23:45 : update: added Instrumental/I'll Face Myself -Battle- (from Persona 4) [cover by Kunning Fox]-DA3vAcRkE9c.mp3
Jan 05 23:45 : update: added Instrumental/Two Steps From Hell - Turin-_Nctslb1934.mp3
Jan 05 23:45 : update: added /Pokemon Sun & Moon Remix - Legend Red & Blue (100k Subscriber Special #1!)-RGyzE9A-PPM.mp3
Jan 05 23:45 : update: added Lukas Graham/Macho Man Randy Savage WWE Theme-xc1lu-WU3hI.mp3
Jan 05 23:45 : update: added Lukas Graham/Lukas Graham - You're Not There [OFFICIAL AUDIO]-ideQmMCE7ws.mp3
Jan 05 23:45 : update: added Lukas Graham/Lukas Graham - What Happened To Perfect [OFFICIAL AUDIO]-6RzaI8OEAIE.mp3
Jan 05 23:45 : update: added Lukas Graham/Lukas Graham - Mama Said [OFFICIAL MUSIC VIDEO]-HdAkYCyCZv8.mp3
Jan 05 23:45 : update: added Lukas Graham/Lukas Graham - Better Than Yourself [OFFICIAL AUDIO]-u8cyHjN7kpw.mp3
Jan 05 23:45 : update: added Lukas Graham/Lukas Graham - Drunk In The Morning [OFFICIAL AUDIO]-xz-zxJSXCsc.mp3
Jan 05 23:45 : update: added Lukas Graham/Lukas Graham - 7 Years [OFFICIAL LYRIC VIDEO]-jErJimwom94.mp3
Jan 05 23:45 : update: added Maroon 5/Maroon 5 - Sugar.mp3
Jan 05 23:45 : update: added Maroon 5/Maroon 5 - This Love.mp3
Jan 05 23:45 : update: added /Pokémon S_M Remix - Vs Legend Red & Blue Extended-fz3g2nJknG4.mp3
Jan 05 23:45 : update: added Homer Simpson/HOMER SIMPSON SINGS 'LET IT GO' _ FROZEN-0dq4SskU3Gg.mp3
Jan 05 23:45 : update: added Homer Simpson/HOMER SIMPSON SINGS 'I REALLY LIKE YOU' _ CARLY RAE JEPSEN-ftFiHvWU-p0.mp3
Jan 05 23:45 : update: added Homer Simpson/HOMER & STEWIE SING 'A WHOLE NEW WORLD' _ ALADDIN-UilFibdziZE.mp3
Jan 05 23:45 : update: added Utube/MDK - Azalea-Mr Sark Outro.mp3
Jan 05 23:45 : update: added Utube/Toccata and Fugue in D Minor.mp3
Jan 05 23:45 : update: added Utube/Heavily Medicated - Splintered.mp3
Jan 05 23:45 : update: added Utube/Jay Allen - Watching Cartoons (Prod. Felly).mp3
Jan 05 23:45 : update: added /Pokémon Christmas Medley 2016-sVu30X3Qh5w.mp3
Jan 05 23:45 : update: added Pete Mitchell - Diamondhead/Back to You (Official Lyric Video)-oDdERv1Xh7A.mp3
Jan 05 23:45 : update: added Pokemon Musics/Pokémon X_Y - Professor Sycamore's Theme Music HD (Official)-1RRGInmOhTQ.mp3
Jan 05 23:45 : update: added Pokemon Musics/Professor Sycamore's Theme - Pokémon X & Y Music Extended-YhfrTlFhDA4.mp3
Jan 05 23:45 : update: added Pokemon Musics/Pokemon Generations - Rival Encounter Music (HQ)-j1ddVTslCiA.mp3
Jan 05 23:45 : update: added Pokemon Musics/Pokemon Generations - Silph Co. Music (HQ)-Lt3C7GwyiyU.mp3
Jan 05 23:45 : update: added Pokemon Musics/Pokemon Sun & Moon - Wild Pokemon Battle Music (HQ)-ZbzEjfZKFSA.mp3
Jan 05 23:45 : update: added Pokemon Musics/Pokemon Champion Medley - Battle Mashup [8-Bit & Remix] (50k Subs #1)-2eiO5FXWeic.mp3
Jan 05 23:45 : update: added Pokemon Musics/Pokemon Sun & Moon - Trainer Battle Music (HQ)-aMo4gk_7twU.mp3
Jan 05 23:45 : update: added Pokemon Musics/Pokémon - Gold & Silver - Wild Pokémon Battle! (Johto - Day)-eQq2v6kBKSM.mp3
Jan 05 23:45 : update: added Pokemon Musics/Pokemon Guitar Remix - Battle! Team Aqua_Team Magma.mp3
Jan 05 23:45 : update: added Pokemon Musics/Pokemon Sun & Moon - Champion Red & Blue Battle Music (HQ)-TNZ7gllxeZs.mp3
Jan 05 23:45 : update: added Pokemon Musics/Pokemon Generations - Team Rocket Hideout Music (HQ)-lgMYBpEZUlo.mp3
Jan 05 23:45 : update: added Pokemon Musics/Pokemon Generations - Trainer Battle Music (HQ)-1gaUtg6RK-k.mp3
Jan 05 23:45 : update: added Pokemon Musics/Pokemon Sun & Moon - Cynthia Battle Music (HQ)-RZwRA7zA9ms.mp3
Jan 05 23:45 : update: added Pokemon Musics/X and Y Professor Sycamore's Theme Remix-hIQnYkiIAz4.mp3
Jan 05 23:45 : update: added Pokemon Musics/Pokemon Generations - Wild Pokemon Battle Music (HQ)-qovC5kriixg.mp3
Jan 05 23:45 : update: added Pokemon Musics/Through the Sea of Time - Pokémon Mystery Dungeon - Explorers of Time & Darkness Music Extended-HxEBYYHmV4Y.mp3
Jan 05 23:45 : update: added AC DC/AC_DC - Back In Black-pAgnJDJN4VA.mp3
Jan 05 23:45 : update: added AC DC/AC_DC - Thunderstruck-v2AC41dglnM.mp3
Jan 05 23:45 : update: added AC DC/AC_DC - Highway to Hell-gEPmA3USJdI.mp3
Jan 05 23:45 : update: added Classical & Light Musics/Schoolhouse Rock- No More Kings-cAZ8QJgFHOg.mp3
Jan 05 23:45 : update: added Classical & Light Musics/Mozart - Symphony No. 40 in G minor, K. 550 [complete]-JTc1mDieQI8.mp3
Jan 05 23:45 : update: added Classical & Light Musics/Beethoven - Symphony No. 5 (FULL)-6z4KK7RWjmk.mp3
Jan 05 23:45 : update: added /Unknown - Pokemon All Champion Battle Themes V4.mp3
Jan 05 23:45 : update: added FLOW/CHA-LA HEAD-CHA-LA.mp3
Jan 05 23:45 : update: added FLOW/HERO - Kibou-no-Uta.mp3
Jan 05 23:45 : update: added FLOW/FLOW - Days-uo0jE0oXITk.mp3
Jan 05 23:45 : avahi: Service 'Music Player' successfully established.
Jan 05 23:45 : client: [0] opened from 127.0.0.1:36480
Jan 05 23:46 : client: [0] closed
Jan 05 23:47 : avahi: Failed to add service _mpd._tcp: Local name collision
Jan 05 23:48 : client: [0] opened from 127.0.0.1:54978
Jan 05 23:52 : player: played "Pokémon Christmas Medley 2016-sVu30X3Qh5w.mp3"
Jan 05 23:52 : player: played "Pokemon Intros Opening - High Quality [RGB～ORAS] (40K Subs)-DWO2dOurl24.mp3"
Jan 05 23:52 : player: played "Pokémon S_M Remix - Vs Legend Red & Blue Extended-fz3g2nJknG4.mp3"
Jan 05 23:54 : client: [0] closed
Jan 05 23:54 : client: [1] opened from 127.0.0.1:42150
Jan 05 23:54 : client: [1] closed
